Using pre-set license
Built from '2020.3/staging' branch; Version is '2020.3.25f1 (9b9180224418) revision 10195328'; Using compiler version '192528614'; Build Type 'Release'
OS: 'Windows 10  (10.0.19042) 64bit Professional' Language: 'it' Physical Memory: 32718 MB
BatchMode: 1, IsHumanControllingUs: 0, StartBugReporterOnCrash: 0, Is64bit: 1, IsPro: 0

COMMAND LINE ARGUMENTS:
C:\Program Files\Unity\Hub\Editor\2020.3.25f1\Editor\Unity.exe
-adb2
-batchMode
-noUpm
-name
AssetImportWorker0
-projectPath
C:/MegaSync/UnityProjects/Programming-theory-Repo/ProgrammingTheory
-logFile
Logs/AssetImportWorker0.log
-srvPort
63635
Successfully changed project path to: C:/MegaSync/UnityProjects/Programming-theory-Repo/ProgrammingTheory
C:/MegaSync/UnityProjects/Programming-theory-Repo/ProgrammingTheory
Using Asset Import Pipeline V2.
Refreshing native plugins compatible for Editor in 35.03 ms, found 2 plugins.
Preloading 0 native plugins for Editor in 0.00 ms.
Initialize engine version: 2020.3.25f1 (9b9180224418)
[Subsystems] Discovering subsystems at path C:/Program Files/Unity/Hub/Editor/2020.3.25f1/Editor/Data/Resources/UnitySubsystems
[Subsystems] Discovering subsystems at path C:/MegaSync/UnityProjects/Programming-theory-Repo/ProgrammingTheory/Assets
GfxDevice: creating device client; threaded=0
Direct3D:
    Version:  Direct3D 11.0 [level 11.0]
    Renderer: AMD Radeon HD 7670 (ID=0x675b)
    Vendor:   
    VRAM:     1008 MB
    Driver:   15.201.1151.1008
Initialize mono
Mono path[0] = 'C:/Program Files/Unity/Hub/Editor/2020.3.25f1/Editor/Data/Managed'
Mono path[1] = 'C:/Program Files/Unity/Hub/Editor/2020.3.25f1/Editor/Data/MonoBleedingEdge/lib/mono/unityjit'
Mono config path = 'C:/Program Files/Unity/Hub/Editor/2020.3.25f1/Editor/Data/MonoBleedingEdge/etc'
Using monoOptions --debugger-agent=transport=dt_socket,embedding=1,server=y,suspend=n,address=127.0.0.1:56148
Begin MonoManager ReloadAssembly
Registering precompiled unity dll's ...
Register platform support module: C:/Program Files/Unity/Hub/Editor/2020.3.25f1/Editor/Data/PlaybackEngines/WebGLSupport/UnityEditor.WebGL.Extensions.dll
Register platform support module: C:/Program Files/Unity/Hub/Editor/2020.3.25f1/Editor/Data/PlaybackEngines/WindowsStandaloneSupport/UnityEditor.WindowsStandalone.Extensions.dll
Registered in 0.196222 seconds.
Native extension for WindowsStandalone target not found
Native extension for WebGL target not found
Refreshing native plugins compatible for Editor in 32.27 ms, found 2 plugins.
Preloading 0 native plugins for Editor in 0.00 ms.
Mono: successfully reloaded assembly
- Completed reload, in  3.356 seconds
Domain Reload Profiling:
	ReloadAssembly (3357ms)
		BeginReloadAssembly (2314ms)
			ExecutionOrderSort (0ms)
			DisableScriptedObjects (0ms)
			BackupInstance (0ms)
			ReleaseScriptingObjects (0ms)
			CreateAndSetChildDomain (1ms)
		EndReloadAssembly (692ms)
			LoadAssemblies (2316ms)
			RebuildTransferFunctionScriptingTraits (0ms)
			SetupTypeCache (381ms)
			ReleaseScriptCaches (0ms)
			RebuildScriptCaches (28ms)
			SetupLoadedEditorAssemblies (173ms)
				LogAssemblyErrors (0ms)
				InitializePlatformSupportModulesInManaged (6ms)
				SetLoadedEditorAssemblies (0ms)
				RefreshPlugins (32ms)
				BeforeProcessingInitializeOnLoad (16ms)
				ProcessInitializeOnLoadAttributes (87ms)
				ProcessInitializeOnLoadMethodAttributes (33ms)
				AfterProcessingInitializeOnLoad (0ms)
				EditorAssembliesLoaded (0ms)
			ExecutionOrderSort2 (0ms)
			AwakeInstancesAfterBackupRestoration (0ms)
Platform modules already initialized, skipping
Registering precompiled user dll's ...
Registered in 0.577900 seconds.
Begin MonoManager ReloadAssembly
Native extension for WindowsStandalone target not found
Native extension for WebGL target not found
Refreshing native plugins compatible for Editor in 0.40 ms, found 2 plugins.
Preloading 0 native plugins for Editor in 0.00 ms.
Mono: successfully reloaded assembly
- Completed reload, in  3.273 seconds
Domain Reload Profiling:
	ReloadAssembly (3279ms)
		BeginReloadAssembly (154ms)
			ExecutionOrderSort (0ms)
			DisableScriptedObjects (5ms)
			BackupInstance (0ms)
			ReleaseScriptingObjects (0ms)
			CreateAndSetChildDomain (20ms)
		EndReloadAssembly (3054ms)
			LoadAssemblies (1103ms)
			RebuildTransferFunctionScriptingTraits (0ms)
			SetupTypeCache (831ms)
			ReleaseScriptCaches (0ms)
			RebuildScriptCaches (43ms)
			SetupLoadedEditorAssemblies (975ms)
				LogAssemblyErrors (0ms)
				InitializePlatformSupportModulesInManaged (6ms)
				SetLoadedEditorAssemblies (1ms)
				RefreshPlugins (0ms)
				BeforeProcessingInitializeOnLoad (84ms)
				ProcessInitializeOnLoadAttributes (344ms)
				ProcessInitializeOnLoadMethodAttributes (531ms)
				AfterProcessingInitializeOnLoad (9ms)
				EditorAssembliesLoaded (0ms)
			ExecutionOrderSort2 (0ms)
			AwakeInstancesAfterBackupRestoration (7ms)
Platform modules already initialized, skipping
========================================================================
Worker process is ready to serve import requests
Launched and connected shader compiler UnityShaderCompiler.exe after 0.06 seconds
Refreshing native plugins compatible for Editor in 0.70 ms, found 2 plugins.
Preloading 0 native plugins for Editor in 0.00 ms.
Unloading 1500 Unused Serialized files (Serialized files now loaded: 0)
System memory in use before: 68.6 MB.
System memory in use after: 68.7 MB.

Unloading 19 unused Assets to reduce memory usage. Loaded Objects now: 1932.
Total: 2.957700 ms (FindLiveObjects: 0.166000 ms CreateObjectMapping: 0.034400 ms MarkObjects: 2.687100 ms  DeleteObjects: 0.069300 ms)

AssetImportParameters requested are different than current active one (requested -> active):
  custom:framework-win-MediaFoundation: 216162199b28c13a410421893ffa2e32 -> 
  custom:video-decoder-ogg-theora: a1e56fd34408186e4bbccfd4996cb3dc -> 
  custom:container-muxer-webm: aa71ff27fc2769a1b78a27578f13a17b -> 
  custom:container-demuxer-webm: 4f35f7cbe854078d1ac9338744f61a02 -> 
  custom:container-demuxer-ogg: 62fdf1f143b41e24485cea50d1cbac27 -> 
  custom:video-encoder-webm-vp8: eb34c28f22e8b96e1ab97ce403110664 -> 
  custom:video-decoder-webm-vp8: 9c59270c3fd7afecdb556c50c9e8de78 -> 
  custom:audio-decoder-ogg-vorbis: bf7c407c2cedff20999df2af8eb42d56 -> 
  custom:audio-encoder-webm-vorbis: bf7c407c2cedff20999df2af8eb42d56 -> 
========================================================================
Received Import Request.
  path: Assets/Tiny Chess Stone Chess Piece/Demo.unity
  artifactKey: Guid(46410c3e9e9919043bed62934e10c5f4) Importer(815301076,1909f56bfc062723c751e8b465ee728b)
Start importing Assets/Tiny Chess Stone Chess Piece/Demo.unity using Guid(46410c3e9e9919043bed62934e10c5f4) Importer(815301076,1909f56bfc062723c751e8b465ee728b)  -> (artifact id: 'e91230da25448871dee1cec1cc98c0c4') in 0.019362 seconds 
  Import took 0.021966 seconds .

========================================================================
Received Import Request.
  Time since last request: 97.840516 seconds.
  path: Assets/Scenes/SampleScene.unity
  artifactKey: Guid(9fc0d4010bbf28b4594072e72b8655ab) Importer(815301076,1909f56bfc062723c751e8b465ee728b)
Start importing Assets/Scenes/SampleScene.unity using Guid(9fc0d4010bbf28b4594072e72b8655ab) Importer(815301076,1909f56bfc062723c751e8b465ee728b)  -> (artifact id: '85059f4f9e1a832ed95adaa0d25c5c4c') in 0.008872 seconds 
  Import took 0.011462 seconds .

========================================================================
Received Import Request.
  Time since last request: 12.039241 seconds.
  path: Assets/Tiny Chess Stone Chess Piece/Prefabs/Environment/Chess Battlefield 2.prefab
  artifactKey: Guid(c364da1e00b6a954c9da291cba0e718f) Importer(815301076,1909f56bfc062723c751e8b465ee728b)
Start importing Assets/Tiny Chess Stone Chess Piece/Prefabs/Environment/Chess Battlefield 2.prefab using Guid(c364da1e00b6a954c9da291cba0e718f) Importer(815301076,1909f56bfc062723c751e8b465ee728b)  -> (artifact id: '464442cb7950e938f7439ed103c62cc5') in 0.097732 seconds 
  Import took 0.100586 seconds .

========================================================================
Received Import Request.
  Time since last request: 3.767186 seconds.
  path: Assets/Tiny Chess Stone Chess Piece/Prefabs/Environment/Stone Pillars Element 5.prefab
  artifactKey: Guid(704b4d82cd5c2d743b532e151cfbdd43) Importer(815301076,1909f56bfc062723c751e8b465ee728b)
Start importing Assets/Tiny Chess Stone Chess Piece/Prefabs/Environment/Stone Pillars Element 5.prefab using Guid(704b4d82cd5c2d743b532e151cfbdd43) Importer(815301076,1909f56bfc062723c751e8b465ee728b)  -> (artifact id: '7d1d98cba84ea50bede549ee5824e875') in 0.020449 seconds 
  Import took 0.023011 seconds .

========================================================================
Received Import Request.
  Time since last request: 1.545582 seconds.
  path: Assets/Tiny Chess Stone Chess Piece/Prefabs/Environment/Stone Pillars Element 6.prefab
  artifactKey: Guid(b1b305a0406a3a94092c20063bfd9b1e) Importer(815301076,1909f56bfc062723c751e8b465ee728b)
Start importing Assets/Tiny Chess Stone Chess Piece/Prefabs/Environment/Stone Pillars Element 6.prefab using Guid(b1b305a0406a3a94092c20063bfd9b1e) Importer(815301076,1909f56bfc062723c751e8b465ee728b)  -> (artifact id: 'f237dd62653519e3c6b1042682099fd3') in 0.018889 seconds 
  Import took 0.021667 seconds .

========================================================================
Received Import Request.
  Time since last request: 1.056375 seconds.
  path: Assets/Tiny Chess Stone Chess Piece/Prefabs/Environment/Stone Pillars Element 8.prefab
  artifactKey: Guid(e13fab2df4718384091479d9973186d1) Importer(815301076,1909f56bfc062723c751e8b465ee728b)
Start importing Assets/Tiny Chess Stone Chess Piece/Prefabs/Environment/Stone Pillars Element 8.prefab using Guid(e13fab2df4718384091479d9973186d1) Importer(815301076,1909f56bfc062723c751e8b465ee728b)  -> (artifact id: '609a90ada3fec0c5829dcfab516c8117') in 0.017024 seconds 
  Import took 0.019585 seconds .

========================================================================
Received Import Request.
  Time since last request: 0.592088 seconds.
  path: Assets/Tiny Chess Stone Chess Piece/Prefabs/Environment/Stone Pillars Element 9.prefab
  artifactKey: Guid(a5df68ea43042e749af4ea6592a504ce) Importer(815301076,1909f56bfc062723c751e8b465ee728b)
Start importing Assets/Tiny Chess Stone Chess Piece/Prefabs/Environment/Stone Pillars Element 9.prefab using Guid(a5df68ea43042e749af4ea6592a504ce) Importer(815301076,1909f56bfc062723c751e8b465ee728b)  -> (artifact id: '21d4115c782cd62c3395adcdd6f65380') in 0.017153 seconds 
  Import took 0.019731 seconds .

========================================================================
Received Import Request.
  Time since last request: 0.806217 seconds.
  path: Assets/Tiny Chess Stone Chess Piece/Prefabs/Environment/Stone Pillars Element 11.prefab
  artifactKey: Guid(0e70a9941e0b4ec438e3f06fc4facd22) Importer(815301076,1909f56bfc062723c751e8b465ee728b)
Start importing Assets/Tiny Chess Stone Chess Piece/Prefabs/Environment/Stone Pillars Element 11.prefab using Guid(0e70a9941e0b4ec438e3f06fc4facd22) Importer(815301076,1909f56bfc062723c751e8b465ee728b)  -> (artifact id: '7cffdf2f2be0d226d0c8e495f1fed3b6') in 0.017257 seconds 
  Import took 0.019796 seconds .

========================================================================
Received Import Request.
  Time since last request: 0.499067 seconds.
  path: Assets/Tiny Chess Stone Chess Piece/Prefabs/Environment/Stone Pillars Element 16.prefab
  artifactKey: Guid(4de21084b9012c1449507cca2e233fa6) Importer(815301076,1909f56bfc062723c751e8b465ee728b)
Start importing Assets/Tiny Chess Stone Chess Piece/Prefabs/Environment/Stone Pillars Element 16.prefab using Guid(4de21084b9012c1449507cca2e233fa6) Importer(815301076,1909f56bfc062723c751e8b465ee728b)  -> (artifact id: '2abce0076f8b0001920b584ac5a29002') in 0.018602 seconds 
  Import took 0.021222 seconds .

========================================================================
Received Import Request.
  Time since last request: 6.472012 seconds.
  path: Assets/Tiny Chess Stone Chess Piece/Prefabs/Environment/Bridge_Element_1.prefab
  artifactKey: Guid(4070279820fd8cf45abb350380694c52) Importer(815301076,1909f56bfc062723c751e8b465ee728b)
Start importing Assets/Tiny Chess Stone Chess Piece/Prefabs/Environment/Bridge_Element_1.prefab using Guid(4070279820fd8cf45abb350380694c52) Importer(815301076,1909f56bfc062723c751e8b465ee728b)  -> (artifact id: '88d6776bca01e0b762f0367d91f1ae57') in 0.017404 seconds 
  Import took 0.019967 seconds .

